This file contains any messages produced by compilers while
running configure, to aid debugging if configure makes a mistake.

It was created by sourdough configure 0.01, which was
generated by GNU Autoconf 2.69.  Invocation command line was

  $ ./configure 

## --------- ##
## Platform. ##
## --------- ##

hostname = cells-Latitude-E6530
uname -m = x86_64
uname -r = 4.2.0-27-generic
uname -s = Linux
uname -v = #32~14.04.1-Ubuntu SMP Fri Jan 22 15:32:26 UTC 2016

/usr/bin/uname -p = unknown
/bin/uname -X     = unknown

/bin/arch              = unknown
/usr/bin/arch -k       = unknown
/usr/convex/getsysinfo = unknown
/usr/bin/hostinfo      = unknown
/bin/machine           = unknown
/usr/bin/oslevel       = unknown
/bin/universe          = unknown

PATH: /usr/local/sbin
PATH: /usr/local/bin
PATH: /usr/sbin
PATH: /usr/bin
PATH: /sbin
PATH: /bin
PATH: /usr/games
PATH: /usr/local/games


## ----------- ##
## Core tests. ##
## ----------- ##

configure:2090: checking for a BSD-compatible install
configure:2158: result: /usr/bin/install -c
configure:2169: checking whether build environment is sane
configure:2224: result: yes
configure:2375: checking for a thread-safe mkdir -p
configure:2414: result: /bin/mkdir -p
configure:2421: checking for gawk
configure:2451: result: no
configure:2421: checking for mawk
configure:2437: found /usr/bin/mawk
configure:2448: result: mawk
configure:2459: checking whether make sets $(MAKE)
configure:2481: result: yes
configure:2510: checking whether make supports nested variables
configure:2527: result: yes
configure:2721: checking for g++
configure:2737: found /usr/bin/g++
configure:2748: result: g++
configure:2775: checking for C++ compiler version
configure:2784: g++ --version >&5
g++ (Ubuntu 4.8.4-2ubuntu1~14.04.3) 4.8.4
Copyright (C) 2013 Free Software Foundation, Inc.
This is free software; see the source for copying conditions.  There is NO
warranty; not even for MERCHANTABILITY or FITNESS FOR A PARTICULAR PURPOSE.

configure:2795: $? = 0
configure:2784: g++ -v >&5
Using built-in specs.
COLLECT_GCC=g++
COLLECT_LTO_WRAPPER=/usr/lib/gcc/x86_64-linux-gnu/4.8/lto-wrapper
Target: x86_64-linux-gnu
Configured with: ../src/configure -v --with-pkgversion='Ubuntu 4.8.4-2ubuntu1~14.04.3' --with-bugurl=file:///usr/share/doc/gcc-4.8/README.Bugs --enable-languages=c,c++,java,go,d,fortran,objc,obj-c++ --prefix=/usr --program-suffix=-4.8 --enable-shared --enable-linker-build-id --libexecdir=/usr/lib --without-included-gettext --enable-threads=posix --with-gxx-include-dir=/usr/include/c++/4.8 --libdir=/usr/lib --enable-nls --with-sysroot=/ --enable-clocale=gnu --enable-libstdcxx-debug --enable-libstdcxx-time=yes --enable-gnu-unique-object --disable-libmudflap --enable-plugin --with-system-zlib --disable-browser-plugin --enable-java-awt=gtk --enable-gtk-cairo --with-java-home=/usr/lib/jvm/java-1.5.0-gcj-4.8-amd64/jre --enable-java-home --with-jvm-root-dir=/usr/lib/jvm/java-1.5.0-gcj-4.8-amd64 --with-jvm-jar-dir=/usr/lib/jvm-exports/java-1.5.0-gcj-4.8-amd64 --with-arch-directory=amd64 --with-ecj-jar=/usr/share/java/eclipse-ecj.jar --enable-objc-gc --enable-multiarch --disable-werror --with-arch-32=i686 --with-abi=m64 --with-multilib-list=m32,m64,mx32 --with-tune=generic --enable-checking=release --build=x86_64-linux-gnu --host=x86_64-linux-gnu --target=x86_64-linux-gnu
Thread model: posix
gcc version 4.8.4 (Ubuntu 4.8.4-2ubuntu1~14.04.3) 
configure:2795: $? = 0
configure:2784: g++ -V >&5
g++: error: unrecognized command line option '-V'
g++: fatal error: no input files
compilation terminated.
configure:2795: $? = 4
configure:2784: g++ -qversion >&5
g++: error: unrecognized command line option '-qversion'
g++: fatal error: no input files
compilation terminated.
configure:2795: $? = 4
configure:2815: checking whether the C++ compiler works
configure:2837: g++    conftest.cpp  >&5
configure:2841: $? = 0
configure:2889: result: yes
configure:2892: checking for C++ compiler default output file name
configure:2894: result: a.out
configure:2900: checking for suffix of executables
configure:2907: g++ -o conftest    conftest.cpp  >&5
configure:2911: $? = 0
configure:2933: result: 
configure:2955: checking whether we are cross compiling
configure:2963: g++ -o conftest    conftest.cpp  >&5
configure:2967: $? = 0
configure:2974: ./conftest
configure:2978: $? = 0
configure:2993: result: no
configure:2998: checking for suffix of object files
configure:3020: g++ -c   conftest.cpp >&5
configure:3024: $? = 0
configure:3045: result: o
configure:3049: checking whether we are using the GNU C++ compiler
configure:3068: g++ -c   conftest.cpp >&5
configure:3068: $? = 0
configure:3077: result: yes
configure:3086: checking whether g++ accepts -g
configure:3106: g++ -c -g  conftest.cpp >&5
configure:3106: $? = 0
configure:3147: result: yes
configure:3181: checking for style of include used by make
configure:3209: result: GNU
configure:3235: checking dependency style of g++
configure:3346: result: gcc3
configure:3404: checking for ranlib
configure:3420: found /usr/bin/ranlib
configure:3431: result: ranlib
configure:3507: checking for gcc
configure:3523: found /usr/bin/gcc
configure:3534: result: gcc
configure:3763: checking for C compiler version
configure:3772: gcc --version >&5
gcc (Ubuntu 4.8.4-2ubuntu1~14.04.3) 4.8.4
Copyright (C) 2013 Free Software Foundation, Inc.
This is free software; see the source for copying conditions.  There is NO
warranty; not even for MERCHANTABILITY or FITNESS FOR A PARTICULAR PURPOSE.

configure:3783: $? = 0
configure:3772: gcc -v >&5
Using built-in specs.
COLLECT_GCC=gcc
COLLECT_LTO_WRAPPER=/usr/lib/gcc/x86_64-linux-gnu/4.8/lto-wrapper
Target: x86_64-linux-gnu
Configured with: ../src/configure -v --with-pkgversion='Ubuntu 4.8.4-2ubuntu1~14.04.3' --with-bugurl=file:///usr/share/doc/gcc-4.8/README.Bugs --enable-languages=c,c++,java,go,d,fortran,objc,obj-c++ --prefix=/usr --program-suffix=-4.8 --enable-shared --enable-linker-build-id --libexecdir=/usr/lib --without-included-gettext --enable-threads=posix --with-gxx-include-dir=/usr/include/c++/4.8 --libdir=/usr/lib --enable-nls --with-sysroot=/ --enable-clocale=gnu --enable-libstdcxx-debug --enable-libstdcxx-time=yes --enable-gnu-unique-object --disable-libmudflap --enable-plugin --with-system-zlib --disable-browser-plugin --enable-java-awt=gtk --enable-gtk-cairo --with-java-home=/usr/lib/jvm/java-1.5.0-gcj-4.8-amd64/jre --enable-java-home --with-jvm-root-dir=/usr/lib/jvm/java-1.5.0-gcj-4.8-amd64 --with-jvm-jar-dir=/usr/lib/jvm-exports/java-1.5.0-gcj-4.8-amd64 --with-arch-directory=amd64 --with-ecj-jar=/usr/share/java/eclipse-ecj.jar --enable-objc-gc --enable-multiarch --disable-werror --with-arch-32=i686 --with-abi=m64 --with-multilib-list=m32,m64,mx32 --with-tune=generic --enable-checking=release --build=x86_64-linux-gnu --host=x86_64-linux-gnu --target=x86_64-linux-gnu
Thread model: posix
gcc version 4.8.4 (Ubuntu 4.8.4-2ubuntu1~14.04.3) 
configure:3783: $? = 0
configure:3772: gcc -V >&5
gcc: error: unrecognized command line option '-V'
gcc: fatal error: no input files
compilation terminated.
configure:3783: $? = 4
configure:3772: gcc -qversion >&5
gcc: error: unrecognized command line option '-qversion'
gcc: fatal error: no input files
compilation terminated.
configure:3783: $? = 4
configure:3787: checking whether we are using the GNU C compiler
configure:3806: gcc -c   conftest.c >&5
configure:3806: $? = 0
configure:3815: result: yes
configure:3824: checking whether gcc accepts -g
configure:3844: gcc -c -g  conftest.c >&5
configure:3844: $? = 0
configure:3885: result: yes
configure:3902: checking for gcc option to accept ISO C89
configure:3965: gcc  -c -g -O2  conftest.c >&5
configure:3965: $? = 0
configure:3978: result: none needed
configure:4003: checking whether gcc understands -c and -o together
configure:4025: gcc -c conftest.c -o conftest2.o
configure:4028: $? = 0
configure:4025: gcc -c conftest.c -o conftest2.o
configure:4028: $? = 0
configure:4040: result: yes
configure:4059: checking dependency style of gcc
configure:4170: result: gcc3
configure:4191: checking how to run the C preprocessor
configure:4222: gcc -E  conftest.c
configure:4222: $? = 0
configure:4236: gcc -E  conftest.c
conftest.c:11:28: fatal error: ac_nonexistent.h: No such file or directory
 #include <ac_nonexistent.h>
                            ^
compilation terminated.
configure:4236: $? = 1
configure: failed program was:
| /* confdefs.h */
| #define PACKAGE_NAME "sourdough"
| #define PACKAGE_TARNAME "sourdough"
| #define PACKAGE_VERSION "0.01"
| #define PACKAGE_STRING "sourdough 0.01"
| #define PACKAGE_BUGREPORT "keithw@cs.stanford.edu"
| #define PACKAGE_URL ""
| #define PACKAGE "sourdough"
| #define VERSION "0.01"
| /* end confdefs.h.  */
| #include <ac_nonexistent.h>
configure:4261: result: gcc -E
configure:4281: gcc -E  conftest.c
configure:4281: $? = 0
configure:4295: gcc -E  conftest.c
conftest.c:11:28: fatal error: ac_nonexistent.h: No such file or directory
 #include <ac_nonexistent.h>
                            ^
compilation terminated.
configure:4295: $? = 1
configure: failed program was:
| /* confdefs.h */
| #define PACKAGE_NAME "sourdough"
| #define PACKAGE_TARNAME "sourdough"
| #define PACKAGE_VERSION "0.01"
| #define PACKAGE_STRING "sourdough 0.01"
| #define PACKAGE_BUGREPORT "keithw@cs.stanford.edu"
| #define PACKAGE_URL ""
| #define PACKAGE "sourdough"
| #define VERSION "0.01"
| /* end confdefs.h.  */
| #include <ac_nonexistent.h>
configure:4324: checking for grep that handles long lines and -e
configure:4382: result: /bin/grep
configure:4387: checking for egrep
configure:4449: result: /bin/grep -E
configure:4454: checking for ANSI C header files
configure:4474: gcc -c -g -O2  conftest.c >&5
configure:4474: $? = 0
configure:4547: gcc -o conftest -g -O2   conftest.c  >&5
configure:4547: $? = 0
configure:4547: ./conftest
configure:4547: $? = 0
configure:4558: result: yes
configure:4571: checking for sys/types.h
configure:4571: gcc -c -g -O2  conftest.c >&5
configure:4571: $? = 0
configure:4571: result: yes
configure:4571: checking for sys/stat.h
configure:4571: gcc -c -g -O2  conftest.c >&5
configure:4571: $? = 0
configure:4571: result: yes
configure:4571: checking for stdlib.h
configure:4571: gcc -c -g -O2  conftest.c >&5
configure:4571: $? = 0
configure:4571: result: yes
configure:4571: checking for string.h
configure:4571: gcc -c -g -O2  conftest.c >&5
configure:4571: $? = 0
configure:4571: result: yes
configure:4571: checking for memory.h
configure:4571: gcc -c -g -O2  conftest.c >&5
configure:4571: $? = 0
configure:4571: result: yes
configure:4571: checking for strings.h
configure:4571: gcc -c -g -O2  conftest.c >&5
configure:4571: $? = 0
configure:4571: result: yes
configure:4571: checking for inttypes.h
configure:4571: gcc -c -g -O2  conftest.c >&5
configure:4571: $? = 0
configure:4571: result: yes
configure:4571: checking for stdint.h
configure:4571: gcc -c -g -O2  conftest.c >&5
configure:4571: $? = 0
configure:4571: result: yes
configure:4571: checking for unistd.h
configure:4571: gcc -c -g -O2  conftest.c >&5
configure:4571: $? = 0
configure:4571: result: yes
configure:4583: checking for uint16_t
configure:4583: gcc -c -g -O2  conftest.c >&5
configure:4583: $? = 0
configure:4583: result: yes
configure:4709: checking that generated files are newer than configure
configure:4715: result: done
configure:4742: creating ./config.status

## ---------------------- ##
## Running config.status. ##
## ---------------------- ##

This file was extended by sourdough config.status 0.01, which was
generated by GNU Autoconf 2.69.  Invocation command line was

  CONFIG_FILES    = 
  CONFIG_HEADERS  = 
  CONFIG_LINKS    = 
  CONFIG_COMMANDS = 
  $ ./config.status 

on cells-Latitude-E6530

config.status:864: creating Makefile
config.status:864: creating src/Makefile
config.status:864: creating examples/Makefile
config.status:864: creating datagrump/Makefile
config.status:864: creating config.h
config.status:1093: executing depfiles commands

## ---------------- ##
## Cache variables. ##
## ---------------- ##

ac_cv_c_compiler_gnu=yes
ac_cv_c_uint16_t=yes
ac_cv_cxx_compiler_gnu=yes
ac_cv_env_CCC_set=
ac_cv_env_CCC_value=
ac_cv_env_CC_set=
ac_cv_env_CC_value=
ac_cv_env_CFLAGS_set=
ac_cv_env_CFLAGS_value=
ac_cv_env_CPPFLAGS_set=
ac_cv_env_CPPFLAGS_value=
ac_cv_env_CPP_set=
ac_cv_env_CPP_value=
ac_cv_env_CXXFLAGS_set=
ac_cv_env_CXXFLAGS_value=
ac_cv_env_CXX_set=
ac_cv_env_CXX_value=
ac_cv_env_LDFLAGS_set=
ac_cv_env_LDFLAGS_value=
ac_cv_env_LIBS_set=
ac_cv_env_LIBS_value=
ac_cv_env_build_alias_set=
ac_cv_env_build_alias_value=
ac_cv_env_host_alias_set=
ac_cv_env_host_alias_value=
ac_cv_env_target_alias_set=
ac_cv_env_target_alias_value=
ac_cv_header_inttypes_h=yes
ac_cv_header_memory_h=yes
ac_cv_header_stdc=yes
ac_cv_header_stdint_h=yes
ac_cv_header_stdlib_h=yes
ac_cv_header_string_h=yes
ac_cv_header_strings_h=yes
ac_cv_header_sys_stat_h=yes
ac_cv_header_sys_types_h=yes
ac_cv_header_unistd_h=yes
ac_cv_objext=o
ac_cv_path_EGREP='/bin/grep -E'
ac_cv_path_GREP=/bin/grep
ac_cv_path_install='/usr/bin/install -c'
ac_cv_path_mkdir=/bin/mkdir
ac_cv_prog_AWK=mawk
ac_cv_prog_CPP='gcc -E'
ac_cv_prog_ac_ct_CC=gcc
ac_cv_prog_ac_ct_CXX=g++
ac_cv_prog_ac_ct_RANLIB=ranlib
ac_cv_prog_cc_c89=
ac_cv_prog_cc_g=yes
ac_cv_prog_cxx_g=yes
ac_cv_prog_make_make_set=yes
am_cv_CC_dependencies_compiler_type=gcc3
am_cv_CXX_dependencies_compiler_type=gcc3
am_cv_make_support_nested_variables=yes
am_cv_prog_cc_c_o=yes

## ----------------- ##
## Output variables. ##
## ----------------- ##

ACLOCAL='${SHELL} /home/cells/sourdough/missing aclocal-1.14'
AMDEPBACKSLASH='\'
AMDEP_FALSE='#'
AMDEP_TRUE=''
AMTAR='$${TAR-tar}'
AM_BACKSLASH='\'
AM_DEFAULT_V='$(AM_DEFAULT_VERBOSITY)'
AM_DEFAULT_VERBOSITY='1'
AM_V='$(V)'
AUTOCONF='${SHELL} /home/cells/sourdough/missing autoconf'
AUTOHEADER='${SHELL} /home/cells/sourdough/missing autoheader'
AUTOMAKE='${SHELL} /home/cells/sourdough/missing automake-1.14'
AWK='mawk'
CC='gcc'
CCDEPMODE='depmode=gcc3'
CFLAGS='-g -O2'
CPP='gcc -E'
CPPFLAGS=''
CXX11_FLAGS='-std=c++11 -pthread'
CXX='g++'
CXXDEPMODE='depmode=gcc3'
CXXFLAGS='-g -O2'
CYGPATH_W='echo'
DEFS='-DHAVE_CONFIG_H'
DEPDIR='.deps'
ECHO_C=''
ECHO_N='-n'
ECHO_T=''
EGREP='/bin/grep -E'
EXEEXT=''
GREP='/bin/grep'
INSTALL_DATA='${INSTALL} -m 644'
INSTALL_PROGRAM='${INSTALL}'
INSTALL_SCRIPT='${INSTALL}'
INSTALL_STRIP_PROGRAM='$(install_sh) -c -s'
LDFLAGS=''
LIBOBJS=''
LIBS=''
LTLIBOBJS=''
MAKEINFO='${SHELL} /home/cells/sourdough/missing makeinfo'
MKDIR_P='/bin/mkdir -p'
OBJEXT='o'
PACKAGE='sourdough'
PACKAGE_BUGREPORT='keithw@cs.stanford.edu'
PACKAGE_NAME='sourdough'
PACKAGE_STRING='sourdough 0.01'
PACKAGE_TARNAME='sourdough'
PACKAGE_URL=''
PACKAGE_VERSION='0.01'
PATH_SEPARATOR=':'
PICKY_CXXFLAGS='-pedantic -Wall -Wextra -Weffc++ -Werror'
RANLIB='ranlib'
SET_MAKE=''
SHELL='/bin/bash'
STRIP=''
VERSION='0.01'
ac_ct_CC='gcc'
ac_ct_CXX='g++'
am__EXEEXT_FALSE=''
am__EXEEXT_TRUE='#'
am__fastdepCC_FALSE='#'
am__fastdepCC_TRUE=''
am__fastdepCXX_FALSE='#'
am__fastdepCXX_TRUE=''
am__include='include'
am__isrc=''
am__leading_dot='.'
am__nodep='_no'
am__quote=''
am__tar='$${TAR-tar} chof - "$$tardir"'
am__untar='$${TAR-tar} xf -'
bindir='${exec_prefix}/bin'
build_alias=''
datadir='${datarootdir}'
datarootdir='${prefix}/share'
docdir='${datarootdir}/doc/${PACKAGE_TARNAME}'
dvidir='${docdir}'
exec_prefix='${prefix}'
host_alias=''
htmldir='${docdir}'
includedir='${prefix}/include'
infodir='${datarootdir}/info'
install_sh='${SHELL} /home/cells/sourdough/install-sh'
libdir='${exec_prefix}/lib'
libexecdir='${exec_prefix}/libexec'
localedir='${datarootdir}/locale'
localstatedir='${prefix}/var'
mandir='${datarootdir}/man'
mkdir_p='$(MKDIR_P)'
oldincludedir='/usr/include'
pdfdir='${docdir}'
prefix='/usr/local'
program_transform_name='s,x,x,'
psdir='${docdir}'
sbindir='${exec_prefix}/sbin'
sharedstatedir='${prefix}/com'
sysconfdir='${prefix}/etc'
target_alias=''

## ----------- ##
## confdefs.h. ##
## ----------- ##

/* confdefs.h */
#define PACKAGE_NAME "sourdough"
#define PACKAGE_TARNAME "sourdough"
#define PACKAGE_VERSION "0.01"
#define PACKAGE_STRING "sourdough 0.01"
#define PACKAGE_BUGREPORT "keithw@cs.stanford.edu"
#define PACKAGE_URL ""
#define PACKAGE "sourdough"
#define VERSION "0.01"
#define STDC_HEADERS 1
#define HAVE_SYS_TYPES_H 1
#define HAVE_SYS_STAT_H 1
#define HAVE_STDLIB_H 1
#define HAVE_STRING_H 1
#define HAVE_MEMORY_H 1
#define HAVE_STRINGS_H 1
#define HAVE_INTTYPES_H 1
#define HAVE_STDINT_H 1
#define HAVE_UNISTD_H 1

configure: exit 0

## ---------------------- ##
## Running config.status. ##
## ---------------------- ##

This file was extended by sourdough config.status 0.01, which was
generated by GNU Autoconf 2.69.  Invocation command line was

  CONFIG_FILES    = 
  CONFIG_HEADERS  = 
  CONFIG_LINKS    = 
  CONFIG_COMMANDS = 
  $ ./config.status datagrump/Makefile depfiles

on cells-Latitude-E6530

config.status:864: creating datagrump/Makefile
config.status:1093: executing depfiles commands

## ---------------------- ##
## Running config.status. ##
## ---------------------- ##

This file was extended by sourdough config.status 0.01, which was
generated by GNU Autoconf 2.69.  Invocation command line was

  CONFIG_FILES    = 
  CONFIG_HEADERS  = 
  CONFIG_LINKS    = 
  CONFIG_COMMANDS = 
  $ ./config.status datagrump/Makefile depfiles

on cells-Latitude-E6530

config.status:864: creating datagrump/Makefile
config.status:1093: executing depfiles commands
